
AVRASM ver. 2.1.30  C:\Users\Melika\Desktop\scripts\timer-counter-1-module\List\timer-counter-1-module.asm Thu Jul 06 01:05:10 2017

C:\Users\Melika\Desktop\scripts\timer-counter-1-module\List\timer-counter-1-module.asm(1071): warning: Register r4 already defined by the .DEF directive
C:\Users\Melika\Desktop\scripts\timer-counter-1-module\List\timer-counter-1-module.asm(1072): warning: Register r7 already defined by the .DEF directive
C:\Users\Melika\Desktop\scripts\timer-counter-1-module\List\timer-counter-1-module.asm(1073): warning: Register r6 already defined by the .DEF directive
C:\Users\Melika\Desktop\scripts\timer-counter-1-module\List\timer-counter-1-module.asm(1074): warning: Register r9 already defined by the .DEF directive
                 
                 
                 ;CodeVisionAVR C Compiler V2.05.3 Standard
                 ;(C) Copyright 1998-2011 Pavel Haiduc, HP InfoTech s.r.l.
                 ;http://www.hpinfotech.com
                 
                 ;Chip type                : ATmega32A
                 ;Program type             : Application
                 ;Clock frequency          : 1.000000 MHz
                 ;Memory model             : Small
                 ;Optimize for             : Size
                 ;(s)printf features       : int, width
                 ;(s)scanf features        : int, width
                 ;External RAM size        : 0
                 ;Data Stack size          : 512 byte(s)
                 ;Heap size                : 0 byte(s)
                 ;Promote 'char' to 'int'  : Yes
                 ;'char' is unsigned       : Yes
                 ;8 bit enums              : Yes
                 ;Global 'const' stored in FLASH     : No
                 ;Enhanced function parameter passing: Yes
                 ;Enhanced core instructions         : On
                 ;Smart register allocation          : On
                 ;Automatic register allocation      : On
                 
                 	#pragma AVRPART ADMIN PART_NAME ATmega32A
                 	#pragma AVRPART MEMORY PROG_FLASH 32768
                 	#pragma AVRPART MEMORY EEPROM 1024
                 	#pragma AVRPART MEMORY INT_SRAM SIZE 2143
                 	#pragma AVRPART MEMORY INT_SRAM START_ADDR 0x60
                 
                 	#define CALL_SUPPORTED 1
                 
                 	.LISTMAC
                 	.EQU UDRE=0x5
                 	.EQU RXC=0x7
                 	.EQU USR=0xB
                 	.EQU UDR=0xC
                 	.EQU SPSR=0xE
                 	.EQU SPDR=0xF
                 	.EQU EERE=0x0
                 	.EQU EEWE=0x1
                 	.EQU EEMWE=0x2
                 	.EQU EECR=0x1C
                 	.EQU EEDR=0x1D
                 	.EQU EEARL=0x1E
                 	.EQU EEARH=0x1F
                 	.EQU WDTCR=0x21
                 	.EQU MCUCR=0x35
                 	.EQU SPL=0x3D
                 	.EQU SPH=0x3E
                 	.EQU SREG=0x3F
                 
                 	.DEF R0X0=R0
                 	.DEF R0X1=R1
                 	.DEF R0X2=R2
                 	.DEF R0X3=R3
                 	.DEF R0X4=R4
                 	.DEF R0X5=R5
                 	.DEF R0X6=R6
                 	.DEF R0X7=R7
                 	.DEF R0X8=R8
                 	.DEF R0X9=R9
                 	.DEF R0XA=R10
                 	.DEF R0XB=R11
                 	.DEF R0XC=R12
                 	.DEF R0XD=R13
                 	.DEF R0XE=R14
                 	.DEF R0XF=R15
                 	.DEF R0X10=R16
                 	.DEF R0X11=R17
                 	.DEF R0X12=R18
                 	.DEF R0X13=R19
                 	.DEF R0X14=R20
                 	.DEF R0X15=R21
                 	.DEF R0X16=R22
                 	.DEF R0X17=R23
                 	.DEF R0X18=R24
                 	.DEF R0X19=R25
                 	.DEF R0X1A=R26
                 	.DEF R0X1B=R27
                 	.DEF R0X1C=R28
                 	.DEF R0X1D=R29
                 	.DEF R0X1E=R30
                 	.DEF R0X1F=R31
                 
                 	.EQU __SRAM_START=0x0060
                 	.EQU __SRAM_END=0x085F
                 	.EQU __DSTACK_SIZE=0x0200
                 	.EQU __HEAP_SIZE=0x0000
                 	.EQU __CLEAR_SRAM_SIZE=__SRAM_END-__SRAM_START+1
                 
                 	.MACRO __CPD1N
                 	CPI  R30,LOW(@0)
                 	LDI  R26,HIGH(@0)
                 	CPC  R31,R26
                 	LDI  R26,BYTE3(@0)
                 	CPC  R22,R26
                 	LDI  R26,BYTE4(@0)
                 	CPC  R23,R26
                 	.ENDM
                 
                 	.MACRO __CPD2N
                 	CPI  R26,LOW(@0)
                 	LDI  R30,HIGH(@0)
                 	CPC  R27,R30
                 	LDI  R30,BYTE3(@0)
                 	CPC  R24,R30
                 	LDI  R30,BYTE4(@0)
                 	CPC  R25,R30
                 	.ENDM
                 
                 	.MACRO __CPWRR
                 	CP   R@0,R@2
                 	CPC  R@1,R@3
                 	.ENDM
                 
                 	.MACRO __CPWRN
                 	CPI  R@0,LOW(@2)
                 	LDI  R30,HIGH(@2)
                 	CPC  R@1,R30
                 	.ENDM
                 
                 	.MACRO __ADDB1MN
                 	SUBI R30,LOW(-@0-(@1))
                 	.ENDM
                 
                 	.MACRO __ADDB2MN
                 	SUBI R26,LOW(-@0-(@1))
                 	.ENDM
                 
                 	.MACRO __ADDW1MN
                 	SUBI R30,LOW(-@0-(@1))
                 	SBCI R31,HIGH(-@0-(@1))
                 	.ENDM
                 
                 	.MACRO __ADDW2MN
                 	SUBI R26,LOW(-@0-(@1))
                 	SBCI R27,HIGH(-@0-(@1))
                 	.ENDM
                 
                 	.MACRO __ADDW1FN
                 	SUBI R30,LOW(-2*@0-(@1))
                 	SBCI R31,HIGH(-2*@0-(@1))
                 	.ENDM
                 
                 	.MACRO __ADDD1FN
                 	SUBI R30,LOW(-2*@0-(@1))
                 	SBCI R31,HIGH(-2*@0-(@1))
                 	SBCI R22,BYTE3(-2*@0-(@1))
                 	.ENDM
                 
                 	.MACRO __ADDD1N
                 	SUBI R30,LOW(-@0)
                 	SBCI R31,HIGH(-@0)
                 	SBCI R22,BYTE3(-@0)
                 	SBCI R23,BYTE4(-@0)
                 	.ENDM
                 
                 	.MACRO __ADDD2N
                 	SUBI R26,LOW(-@0)
                 	SBCI R27,HIGH(-@0)
                 	SBCI R24,BYTE3(-@0)
                 	SBCI R25,BYTE4(-@0)
                 	.ENDM
                 
                 	.MACRO __SUBD1N
                 	SUBI R30,LOW(@0)
                 	SBCI R31,HIGH(@0)
                 	SBCI R22,BYTE3(@0)
                 	SBCI R23,BYTE4(@0)
                 	.ENDM
                 
                 	.MACRO __SUBD2N
                 	SUBI R26,LOW(@0)
                 	SBCI R27,HIGH(@0)
                 	SBCI R24,BYTE3(@0)
                 	SBCI R25,BYTE4(@0)
                 	.ENDM
                 
                 	.MACRO __ANDBMNN
                 	LDS  R30,@0+(@1)
                 	ANDI R30,LOW(@2)
                 	STS  @0+(@1),R30
                 	.ENDM
                 
                 	.MACRO __ANDWMNN
                 	LDS  R30,@0+(@1)
                 	ANDI R30,LOW(@2)
                 	STS  @0+(@1),R30
                 	LDS  R30,@0+(@1)+1
                 	ANDI R30,HIGH(@2)
                 	STS  @0+(@1)+1,R30
                 	.ENDM
                 
                 	.MACRO __ANDD1N
                 	ANDI R30,LOW(@0)
                 	ANDI R31,HIGH(@0)
                 	ANDI R22,BYTE3(@0)
                 	ANDI R23,BYTE4(@0)
                 	.ENDM
                 
                 	.MACRO __ANDD2N
                 	ANDI R26,LOW(@0)
                 	ANDI R27,HIGH(@0)
                 	ANDI R24,BYTE3(@0)
                 	ANDI R25,BYTE4(@0)
                 	.ENDM
                 
                 	.MACRO __ORBMNN
                 	LDS  R30,@0+(@1)
                 	ORI  R30,LOW(@2)
                 	STS  @0+(@1),R30
                 	.ENDM
                 
                 	.MACRO __ORWMNN
                 	LDS  R30,@0+(@1)
                 	ORI  R30,LOW(@2)
                 	STS  @0+(@1),R30
                 	LDS  R30,@0+(@1)+1
                 	ORI  R30,HIGH(@2)
                 	STS  @0+(@1)+1,R30
                 	.ENDM
                 
                 	.MACRO __ORD1N
                 	ORI  R30,LOW(@0)
                 	ORI  R31,HIGH(@0)
                 	ORI  R22,BYTE3(@0)
                 	ORI  R23,BYTE4(@0)
                 	.ENDM
                 
                 	.MACRO __ORD2N
                 	ORI  R26,LOW(@0)
                 	ORI  R27,HIGH(@0)
                 	ORI  R24,BYTE3(@0)
                 	ORI  R25,BYTE4(@0)
                 	.ENDM
                 
                 	.MACRO __DELAY_USB
                 	LDI  R24,LOW(@0)
                 __DELAY_USB_LOOP:
                 	DEC  R24
                 	BRNE __DELAY_USB_LOOP
                 	.ENDM
                 
                 	.MACRO __DELAY_USW
                 	LDI  R24,LOW(@0)
                 	LDI  R25,HIGH(@0)
                 __DELAY_USW_LOOP:
                 	SBIW R24,1
                 	BRNE __DELAY_USW_LOOP
                 	.ENDM
                 
                 	.MACRO __GETD1S
                 	LDD  R30,Y+@0
                 	LDD  R31,Y+@0+1
                 	LDD  R22,Y+@0+2
                 	LDD  R23,Y+@0+3
                 	.ENDM
                 
                 	.MACRO __GETD2S
                 	LDD  R26,Y+@0
                 	LDD  R27,Y+@0+1
                 	LDD  R24,Y+@0+2
                 	LDD  R25,Y+@0+3
                 	.ENDM
                 
                 	.MACRO __PUTD1S
                 	STD  Y+@0,R30
                 	STD  Y+@0+1,R31
                 	STD  Y+@0+2,R22
                 	STD  Y+@0+3,R23
                 	.ENDM
                 
                 	.MACRO __PUTD2S
                 	STD  Y+@0,R26
                 	STD  Y+@0+1,R27
                 	STD  Y+@0+2,R24
                 	STD  Y+@0+3,R25
                 	.ENDM
                 
                 	.MACRO __PUTDZ2
                 	STD  Z+@0,R26
                 	STD  Z+@0+1,R27
                 	STD  Z+@0+2,R24
                 	STD  Z+@0+3,R25
                 	.ENDM
                 
                 	.MACRO __CLRD1S
                 	STD  Y+@0,R30
                 	STD  Y+@0+1,R30
                 	STD  Y+@0+2,R30
                 	STD  Y+@0+3,R30
                 	.ENDM
                 
                 	.MACRO __POINTB1MN
                 	LDI  R30,LOW(@0+(@1))
                 	.ENDM
                 
                 	.MACRO __POINTW1MN
                 	LDI  R30,LOW(@0+(@1))
                 	LDI  R31,HIGH(@0+(@1))
                 	.ENDM
                 
                 	.MACRO __POINTD1M
                 	LDI  R30,LOW(@0)
                 	LDI  R31,HIGH(@0)
                 	LDI  R22,BYTE3(@0)
                 	LDI  R23,BYTE4(@0)
                 	.ENDM
                 
                 	.MACRO __POINTW1FN
                 	LDI  R30,LOW(2*@0+(@1))
                 	LDI  R31,HIGH(2*@0+(@1))
                 	.ENDM
                 
                 	.MACRO __POINTD1FN
                 	LDI  R30,LOW(2*@0+(@1))
                 	LDI  R31,HIGH(2*@0+(@1))
                 	LDI  R22,BYTE3(2*@0+(@1))
                 	LDI  R23,BYTE4(2*@0+(@1))
                 	.ENDM
                 
                 	.MACRO __POINTB2MN
                 	LDI  R26,LOW(@0+(@1))
                 	.ENDM
                 
                 	.MACRO __POINTW2MN
                 	LDI  R26,LOW(@0+(@1))
                 	LDI  R27,HIGH(@0+(@1))
                 	.ENDM
                 
                 	.MACRO __POINTW2FN
                 	LDI  R26,LOW(2*@0+(@1))
                 	LDI  R27,HIGH(2*@0+(@1))
                 	.ENDM
                 
                 	.MACRO __POINTD2FN
                 	LDI  R26,LOW(2*@0+(@1))
                 	LDI  R27,HIGH(2*@0+(@1))
                 	LDI  R24,BYTE3(2*@0+(@1))
                 	LDI  R25,BYTE4(2*@0+(@1))
                 	.ENDM
                 
                 	.MACRO __POINTBRM
                 	LDI  R@0,LOW(@1)
                 	.ENDM
                 
                 	.MACRO __POINTWRM
                 	LDI  R@0,LOW(@2)
                 	LDI  R@1,HIGH(@2)
                 	.ENDM
                 
                 	.MACRO __POINTBRMN
                 	LDI  R@0,LOW(@1+(@2))
                 	.ENDM
                 
                 	.MACRO __POINTWRMN
                 	LDI  R@0,LOW(@2+(@3))
                 	LDI  R@1,HIGH(@2+(@3))
                 	.ENDM
                 
                 	.MACRO __POINTWRFN
                 	LDI  R@0,LOW(@2*2+(@3))
                 	LDI  R@1,HIGH(@2*2+(@3))
                 	.ENDM
                 
                 	.MACRO __GETD1N
                 	LDI  R30,LOW(@0)
                 	LDI  R31,HIGH(@0)
                 	LDI  R22,BYTE3(@0)
                 	LDI  R23,BYTE4(@0)
                 	.ENDM
                 
                 	.MACRO __GETD2N
                 	LDI  R26,LOW(@0)
                 	LDI  R27,HIGH(@0)
                 	LDI  R24,BYTE3(@0)
                 	LDI  R25,BYTE4(@0)
                 	.ENDM
                 
                 	.MACRO __GETB1MN
                 	LDS  R30,@0+(@1)
                 	.ENDM
                 
                 	.MACRO __GETB1HMN
                 	LDS  R31,@0+(@1)
                 	.ENDM
                 
                 	.MACRO __GETW1MN
                 	LDS  R30,@0+(@1)
                 	LDS  R31,@0+(@1)+1
                 	.ENDM
                 
                 	.MACRO __GETD1MN
                 	LDS  R30,@0+(@1)
                 	LDS  R31,@0+(@1)+1
                 	LDS  R22,@0+(@1)+2
                 	LDS  R23,@0+(@1)+3
                 	.ENDM
                 
                 	.MACRO __GETBRMN
                 	LDS  R@0,@1+(@2)
                 	.ENDM
                 
                 	.MACRO __GETWRMN
                 	LDS  R@0,@2+(@3)
                 	LDS  R@1,@2+(@3)+1
                 	.ENDM
                 
                 	.MACRO __GETWRZ
                 	LDD  R@0,Z+@2
                 	LDD  R@1,Z+@2+1
                 	.ENDM
                 
                 	.MACRO __GETD2Z
                 	LDD  R26,Z+@0
                 	LDD  R27,Z+@0+1
                 	LDD  R24,Z+@0+2
                 	LDD  R25,Z+@0+3
                 	.ENDM
                 
                 	.MACRO __GETB2MN
                 	LDS  R26,@0+(@1)
                 	.ENDM
                 
                 	.MACRO __GETW2MN
                 	LDS  R26,@0+(@1)
                 	LDS  R27,@0+(@1)+1
                 	.ENDM
                 
                 	.MACRO __GETD2MN
                 	LDS  R26,@0+(@1)
                 	LDS  R27,@0+(@1)+1
                 	LDS  R24,@0+(@1)+2
                 	LDS  R25,@0+(@1)+3
                 	.ENDM
                 
                 	.MACRO __PUTB1MN
                 	STS  @0+(@1),R30
                 	.ENDM
                 
                 	.MACRO __PUTW1MN
                 	STS  @0+(@1),R30
                 	STS  @0+(@1)+1,R31
                 	.ENDM
                 
                 	.MACRO __PUTD1MN
                 	STS  @0+(@1),R30
                 	STS  @0+(@1)+1,R31
                 	STS  @0+(@1)+2,R22
                 	STS  @0+(@1)+3,R23
                 	.ENDM
                 
                 	.MACRO __PUTB1EN
                 	LDI  R26,LOW(@0+(@1))
                 	LDI  R27,HIGH(@0+(@1))
                 	CALL __EEPROMWRB
                 	.ENDM
                 
                 	.MACRO __PUTW1EN
                 	LDI  R26,LOW(@0+(@1))
                 	LDI  R27,HIGH(@0+(@1))
                 	CALL __EEPROMWRW
                 	.ENDM
                 
                 	.MACRO __PUTD1EN
                 	LDI  R26,LOW(@0+(@1))
                 	LDI  R27,HIGH(@0+(@1))
                 	CALL __EEPROMWRD
                 	.ENDM
                 
                 	.MACRO __PUTBR0MN
                 	STS  @0+(@1),R0
                 	.ENDM
                 
                 	.MACRO __PUTBMRN
                 	STS  @0+(@1),R@2
                 	.ENDM
                 
                 	.MACRO __PUTWMRN
                 	STS  @0+(@1),R@2
                 	STS  @0+(@1)+1,R@3
                 	.ENDM
                 
                 	.MACRO __PUTBZR
                 	STD  Z+@1,R@0
                 	.ENDM
                 
                 	.MACRO __PUTWZR
                 	STD  Z+@2,R@0
                 	STD  Z+@2+1,R@1
                 	.ENDM
                 
                 	.MACRO __GETW1R
                 	MOV  R30,R@0
                 	MOV  R31,R@1
                 	.ENDM
                 
                 	.MACRO __GETW2R
                 	MOV  R26,R@0
                 	MOV  R27,R@1
                 	.ENDM
                 
                 	.MACRO __GETWRN
                 	LDI  R@0,LOW(@2)
                 	LDI  R@1,HIGH(@2)
                 	.ENDM
                 
                 	.MACRO __PUTW1R
                 	MOV  R@0,R30
                 	MOV  R@1,R31
                 	.ENDM
                 
                 	.MACRO __PUTW2R
                 	MOV  R@0,R26
                 	MOV  R@1,R27
                 	.ENDM
                 
                 	.MACRO __ADDWRN
                 	SUBI R@0,LOW(-@2)
                 	SBCI R@1,HIGH(-@2)
                 	.ENDM
                 
                 	.MACRO __ADDWRR
                 	ADD  R@0,R@2
                 	ADC  R@1,R@3
                 	.ENDM
                 
                 	.MACRO __SUBWRN
                 	SUBI R@0,LOW(@2)
                 	SBCI R@1,HIGH(@2)
                 	.ENDM
                 
                 	.MACRO __SUBWRR
                 	SUB  R@0,R@2
                 	SBC  R@1,R@3
                 	.ENDM
                 
                 	.MACRO __ANDWRN
                 	ANDI R@0,LOW(@2)
                 	ANDI R@1,HIGH(@2)
                 	.ENDM
                 
                 	.MACRO __ANDWRR
                 	AND  R@0,R@2
                 	AND  R@1,R@3
                 	.ENDM
                 
                 	.MACRO __ORWRN
                 	ORI  R@0,LOW(@2)
                 	ORI  R@1,HIGH(@2)
                 	.ENDM
                 
                 	.MACRO __ORWRR
                 	OR   R@0,R@2
                 	OR   R@1,R@3
                 	.ENDM
                 
                 	.MACRO __EORWRR
                 	EOR  R@0,R@2
                 	EOR  R@1,R@3
                 	.ENDM
                 
                 	.MACRO __GETWRS
                 	LDD  R@0,Y+@2
                 	LDD  R@1,Y+@2+1
                 	.ENDM
                 
                 	.MACRO __PUTBSR
                 	STD  Y+@1,R@0
                 	.ENDM
                 
                 	.MACRO __PUTWSR
                 	STD  Y+@2,R@0
                 	STD  Y+@2+1,R@1
                 	.ENDM
                 
                 	.MACRO __MOVEWRR
                 	MOV  R@0,R@2
                 	MOV  R@1,R@3
                 	.ENDM
                 
                 	.MACRO __INWR
                 	IN   R@0,@2
                 	IN   R@1,@2+1
                 	.ENDM
                 
                 	.MACRO __OUTWR
                 	OUT  @2+1,R@1
                 	OUT  @2,R@0
                 	.ENDM
                 
                 	.MACRO __CALL1MN
                 	LDS  R30,@0+(@1)
                 	LDS  R31,@0+(@1)+1
                 	ICALL
                 	.ENDM
                 
                 	.MACRO __CALL1FN
                 	LDI  R30,LOW(2*@0+(@1))
                 	LDI  R31,HIGH(2*@0+(@1))
                 	CALL __GETW1PF
                 	ICALL
                 	.ENDM
                 
                 	.MACRO __CALL2EN
                 	LDI  R26,LOW(@0+(@1))
                 	LDI  R27,HIGH(@0+(@1))
                 	CALL __EEPROMRDW
                 	ICALL
                 	.ENDM
                 
                 	.MACRO __GETW1STACK
                 	IN   R26,SPL
                 	IN   R27,SPH
                 	ADIW R26,@0+1
                 	LD   R30,X+
                 	LD   R31,X
                 	.ENDM
                 
                 	.MACRO __GETD1STACK
                 	IN   R26,SPL
                 	IN   R27,SPH
                 	ADIW R26,@0+1
                 	LD   R30,X+
                 	LD   R31,X+
                 	LD   R22,X
                 	.ENDM
                 
                 	.MACRO __NBST
                 	BST  R@0,@1
                 	IN   R30,SREG
                 	LDI  R31,0x40
                 	EOR  R30,R31
                 	OUT  SREG,R30
                 	.ENDM
                 
                 
                 	.MACRO __PUTB1SN
                 	LDD  R26,Y+@0
                 	LDD  R27,Y+@0+1
                 	SUBI R26,LOW(-@1)
                 	SBCI R27,HIGH(-@1)
                 	ST   X,R30
                 	.ENDM
                 
                 	.MACRO __PUTW1SN
                 	LDD  R26,Y+@0
                 	LDD  R27,Y+@0+1
                 	SUBI R26,LOW(-@1)
                 	SBCI R27,HIGH(-@1)
                 	ST   X+,R30
                 	ST   X,R31
                 	.ENDM
                 
                 	.MACRO __PUTD1SN
                 	LDD  R26,Y+@0
                 	LDD  R27,Y+@0+1
                 	SUBI R26,LOW(-@1)
                 	SBCI R27,HIGH(-@1)
                 	CALL __PUTDP1
                 	.ENDM
                 
                 	.MACRO __PUTB1SNS
                 	LDD  R26,Y+@0
                 	LDD  R27,Y+@0+1
                 	ADIW R26,@1
                 	ST   X,R30
                 	.ENDM
                 
                 	.MACRO __PUTW1SNS
                 	LDD  R26,Y+@0
                 	LDD  R27,Y+@0+1
                 	ADIW R26,@1
                 	ST   X+,R30
                 	ST   X,R31
                 	.ENDM
                 
                 	.MACRO __PUTD1SNS
                 	LDD  R26,Y+@0
                 	LDD  R27,Y+@0+1
                 	ADIW R26,@1
                 	CALL __PUTDP1
                 	.ENDM
                 
                 	.MACRO __PUTB1PMN
                 	LDS  R26,@0
                 	LDS  R27,@0+1
                 	SUBI R26,LOW(-@1)
                 	SBCI R27,HIGH(-@1)
                 	ST   X,R30
                 	.ENDM
                 
                 	.MACRO __PUTW1PMN
                 	LDS  R26,@0
                 	LDS  R27,@0+1
                 	SUBI R26,LOW(-@1)
                 	SBCI R27,HIGH(-@1)
                 	ST   X+,R30
                 	ST   X,R31
                 	.ENDM
                 
                 	.MACRO __PUTD1PMN
                 	LDS  R26,@0
                 	LDS  R27,@0+1
                 	SUBI R26,LOW(-@1)
                 	SBCI R27,HIGH(-@1)
                 	CALL __PUTDP1
                 	.ENDM
                 
                 	.MACRO __PUTB1PMNS
                 	LDS  R26,@0
                 	LDS  R27,@0+1
                 	ADIW R26,@1
                 	ST   X,R30
                 	.ENDM
                 
                 	.MACRO __PUTW1PMNS
                 	LDS  R26,@0
                 	LDS  R27,@0+1
                 	ADIW R26,@1
                 	ST   X+,R30
                 	ST   X,R31
                 	.ENDM
                 
                 	.MACRO __PUTD1PMNS
                 	LDS  R26,@0
                 	LDS  R27,@0+1
                 	ADIW R26,@1
                 	CALL __PUTDP1
                 	.ENDM
                 
                 	.MACRO __PUTB1RN
                 	MOVW R26,R@0
                 	SUBI R26,LOW(-@1)
                 	SBCI R27,HIGH(-@1)
                 	ST   X,R30
                 	.ENDM
                 
                 	.MACRO __PUTW1RN
                 	MOVW R26,R@0
                 	SUBI R26,LOW(-@1)
                 	SBCI R27,HIGH(-@1)
                 	ST   X+,R30
                 	ST   X,R31
                 	.ENDM
                 
                 	.MACRO __PUTD1RN
                 	MOVW R26,R@0
                 	SUBI R26,LOW(-@1)
                 	SBCI R27,HIGH(-@1)
                 	CALL __PUTDP1
                 	.ENDM
                 
                 	.MACRO __PUTB1RNS
                 	MOVW R26,R@0
                 	ADIW R26,@1
                 	ST   X,R30
                 	.ENDM
                 
                 	.MACRO __PUTW1RNS
                 	MOVW R26,R@0
                 	ADIW R26,@1
                 	ST   X+,R30
                 	ST   X,R31
                 	.ENDM
                 
                 	.MACRO __PUTD1RNS
                 	MOVW R26,R@0
                 	ADIW R26,@1
                 	CALL __PUTDP1
                 	.ENDM
                 
                 	.MACRO __PUTB1RON
                 	MOV  R26,R@0
                 	MOV  R27,R@1
                 	SUBI R26,LOW(-@2)
                 	SBCI R27,HIGH(-@2)
                 	ST   X,R30
                 	.ENDM
                 
                 	.MACRO __PUTW1RON
                 	MOV  R26,R@0
                 	MOV  R27,R@1
                 	SUBI R26,LOW(-@2)
                 	SBCI R27,HIGH(-@2)
                 	ST   X+,R30
                 	ST   X,R31
                 	.ENDM
                 
                 	.MACRO __PUTD1RON
                 	MOV  R26,R@0
                 	MOV  R27,R@1
                 	SUBI R26,LOW(-@2)
                 	SBCI R27,HIGH(-@2)
                 	CALL __PUTDP1
                 	.ENDM
                 
                 	.MACRO __PUTB1RONS
                 	MOV  R26,R@0
                 	MOV  R27,R@1
                 	ADIW R26,@2
                 	ST   X,R30
                 	.ENDM
                 
                 	.MACRO __PUTW1RONS
                 	MOV  R26,R@0
                 	MOV  R27,R@1
                 	ADIW R26,@2
                 	ST   X+,R30
                 	ST   X,R31
                 	.ENDM
                 
                 	.MACRO __PUTD1RONS
                 	MOV  R26,R@0
                 	MOV  R27,R@1
                 	ADIW R26,@2
                 	CALL __PUTDP1
                 	.ENDM
                 
                 
                 	.MACRO __GETB1SX
                 	MOVW R30,R28
                 	SUBI R30,LOW(-@0)
                 	SBCI R31,HIGH(-@0)
                 	LD   R30,Z
                 	.ENDM
                 
                 	.MACRO __GETB1HSX
                 	MOVW R30,R28
                 	SUBI R30,LOW(-@0)
                 	SBCI R31,HIGH(-@0)
                 	LD   R31,Z
                 	.ENDM
                 
                 	.MACRO __GETW1SX
                 	MOVW R30,R28
                 	SUBI R30,LOW(-@0)
                 	SBCI R31,HIGH(-@0)
                 	LD   R0,Z+
                 	LD   R31,Z
                 	MOV  R30,R0
                 	.ENDM
                 
                 	.MACRO __GETD1SX
                 	MOVW R30,R28
                 	SUBI R30,LOW(-@0)
                 	SBCI R31,HIGH(-@0)
                 	LD   R0,Z+
                 	LD   R1,Z+
                 	LD   R22,Z+
                 	LD   R23,Z
                 	MOVW R30,R0
                 	.ENDM
                 
                 	.MACRO __GETB2SX
                 	MOVW R26,R28
                 	SUBI R26,LOW(-@0)
                 	SBCI R27,HIGH(-@0)
                 	LD   R26,X
                 	.ENDM
                 
                 	.MACRO __GETW2SX
                 	MOVW R26,R28
                 	SUBI R26,LOW(-@0)
                 	SBCI R27,HIGH(-@0)
                 	LD   R0,X+
                 	LD   R27,X
                 	MOV  R26,R0
                 	.ENDM
                 
                 	.MACRO __GETD2SX
                 	MOVW R26,R28
                 	SUBI R26,LOW(-@0)
                 	SBCI R27,HIGH(-@0)
                 	LD   R0,X+
                 	LD   R1,X+
                 	LD   R24,X+
                 	LD   R25,X
                 	MOVW R26,R0
                 	.ENDM
                 
                 	.MACRO __GETBRSX
                 	MOVW R30,R28
                 	SUBI R30,LOW(-@1)
                 	SBCI R31,HIGH(-@1)
                 	LD   R@0,Z
                 	.ENDM
                 
                 	.MACRO __GETWRSX
                 	MOVW R30,R28
                 	SUBI R30,LOW(-@2)
                 	SBCI R31,HIGH(-@2)
                 	LD   R@0,Z+
                 	LD   R@1,Z
                 	.ENDM
                 
                 	.MACRO __GETBRSX2
                 	MOVW R26,R28
                 	SUBI R26,LOW(-@1)
                 	SBCI R27,HIGH(-@1)
                 	LD   R@0,X
                 	.ENDM
                 
                 	.MACRO __GETWRSX2
                 	MOVW R26,R28
                 	SUBI R26,LOW(-@2)
                 	SBCI R27,HIGH(-@2)
                 	LD   R@0,X+
                 	LD   R@1,X
                 	.ENDM
                 
                 	.MACRO __LSLW8SX
                 	MOVW R30,R28
                 	SUBI R30,LOW(-@0)
                 	SBCI R31,HIGH(-@0)
                 	LD   R31,Z
                 	CLR  R30
                 	.ENDM
                 
                 	.MACRO __PUTB1SX
                 	MOVW R26,R28
                 	SUBI R26,LOW(-@0)
                 	SBCI R27,HIGH(-@0)
                 	ST   X,R30
                 	.ENDM
                 
                 	.MACRO __PUTW1SX
                 	MOVW R26,R28
                 	SUBI R26,LOW(-@0)
                 	SBCI R27,HIGH(-@0)
                 	ST   X+,R30
                 	ST   X,R31
                 	.ENDM
                 
                 	.MACRO __PUTD1SX
                 	MOVW R26,R28
                 	SUBI R26,LOW(-@0)
                 	SBCI R27,HIGH(-@0)
                 	ST   X+,R30
                 	ST   X+,R31
                 	ST   X+,R22
                 	ST   X,R23
                 	.ENDM
                 
                 	.MACRO __CLRW1SX
                 	MOVW R26,R28
                 	SUBI R26,LOW(-@0)
                 	SBCI R27,HIGH(-@0)
                 	ST   X+,R30
                 	ST   X,R30
                 	.ENDM
                 
                 	.MACRO __CLRD1SX
                 	MOVW R26,R28
                 	SUBI R26,LOW(-@0)
                 	SBCI R27,HIGH(-@0)
                 	ST   X+,R30
                 	ST   X+,R30
                 	ST   X+,R30
                 	ST   X,R30
                 	.ENDM
                 
                 	.MACRO __PUTB2SX
                 	MOVW R30,R28
                 	SUBI R30,LOW(-@0)
                 	SBCI R31,HIGH(-@0)
                 	ST   Z,R26
                 	.ENDM
                 
                 	.MACRO __PUTW2SX
                 	MOVW R30,R28
                 	SUBI R30,LOW(-@0)
                 	SBCI R31,HIGH(-@0)
                 	ST   Z+,R26
                 	ST   Z,R27
                 	.ENDM
                 
                 	.MACRO __PUTD2SX
                 	MOVW R30,R28
                 	SUBI R30,LOW(-@0)
                 	SBCI R31,HIGH(-@0)
                 	ST   Z+,R26
                 	ST   Z+,R27
                 	ST   Z+,R24
                 	ST   Z,R25
                 	.ENDM
                 
                 	.MACRO __PUTBSRX
                 	MOVW R30,R28
                 	SUBI R30,LOW(-@1)
                 	SBCI R31,HIGH(-@1)
                 	ST   Z,R@0
                 	.ENDM
                 
                 	.MACRO __PUTWSRX
                 	MOVW R30,R28
                 	SUBI R30,LOW(-@2)
                 	SBCI R31,HIGH(-@2)
                 	ST   Z+,R@0
                 	ST   Z,R@1
                 	.ENDM
                 
                 	.MACRO __PUTB1SNX
                 	MOVW R26,R28
                 	SUBI R26,LOW(-@0)
                 	SBCI R27,HIGH(-@0)
                 	LD   R0,X+
                 	LD   R27,X
                 	MOV  R26,R0
                 	SUBI R26,LOW(-@1)
                 	SBCI R27,HIGH(-@1)
                 	ST   X,R30
                 	.ENDM
                 
                 	.MACRO __PUTW1SNX
                 	MOVW R26,R28
                 	SUBI R26,LOW(-@0)
                 	SBCI R27,HIGH(-@0)
                 	LD   R0,X+
                 	LD   R27,X
                 	MOV  R26,R0
                 	SUBI R26,LOW(-@1)
                 	SBCI R27,HIGH(-@1)
                 	ST   X+,R30
                 	ST   X,R31
                 	.ENDM
                 
                 	.MACRO __PUTD1SNX
                 	MOVW R26,R28
                 	SUBI R26,LOW(-@0)
                 	SBCI R27,HIGH(-@0)
                 	LD   R0,X+
                 	LD   R27,X
                 	MOV  R26,R0
                 	SUBI R26,LOW(-@1)
                 	SBCI R27,HIGH(-@1)
                 	ST   X+,R30
                 	ST   X+,R31
                 	ST   X+,R22
                 	ST   X,R23
                 	.ENDM
                 
                 	.MACRO __MULBRR
                 	MULS R@0,R@1
                 	MOVW R30,R0
                 	.ENDM
                 
                 	.MACRO __MULBRRU
                 	MUL  R@0,R@1
                 	MOVW R30,R0
                 	.ENDM
                 
                 	.MACRO __MULBRR0
                 	MULS R@0,R@1
                 	.ENDM
                 
                 	.MACRO __MULBRRU0
                 	MUL  R@0,R@1
                 	.ENDM
                 
                 	.MACRO __MULBNWRU
                 	LDI  R26,@2
                 	MUL  R26,R@0
                 	MOVW R30,R0
                 	MUL  R26,R@1
                 	ADD  R31,R0
                 	.ENDM
                 
                 ;NAME DEFINITIONS FOR GLOBAL VARIABLES ALLOCATED TO REGISTERS
                 	.DEF _total_overflow=R4
                 	.DEF __lcd_x=R7
                 	.DEF __lcd_y=R6
                 	.DEF __lcd_maxx=R9
                 
                 	.CSEG
                 	.ORG 0x00
                 
                 ;START OF CODE MARKER
                 __START_OF_CODE:
                 
                 ;INTERRUPT VECTORS
000000 940c 0038 	JMP  __RESET
000002 940c 0000 	JMP  0x00
000004 940c 0000 	JMP  0x00
000006 940c 0000 	JMP  0x00
000008 940c 0000 	JMP  0x00
00000a 940c 0000 	JMP  0x00
00000c 940c 0000 	JMP  0x00
00000e 940c 0000 	JMP  0x00
000010 940c 0000 	JMP  0x00
000012 940c 0000 	JMP  0x00
000014 940c 0000 	JMP  0x00
000016 940c 0067 	JMP  _timer0_ovf_isr
000018 940c 0000 	JMP  0x00
00001a 940c 0000 	JMP  0x00
00001c 940c 0000 	JMP  0x00
00001e 940c 0000 	JMP  0x00
000020 940c 0000 	JMP  0x00
000022 940c 0000 	JMP  0x00
000024 940c 0000 	JMP  0x00
000026 940c 0000 	JMP  0x00
000028 940c 0000 	JMP  0x00
                 
                 _0x2000003:
00002a c080      	.DB  0x80,0xC0
                 _0x2020060:
C:\Users\Melika\Desktop\scripts\timer-counter-1-module\List\timer-counter-1-module.asm(1108): warning: .cseg .db misalignment - padding zero byte
00002b 0001      	.DB  0x1
                 _0x2020000:
00002c 4e2d
00002d 4e41
00002e 4900
00002f 464e      	.DB  0x2D,0x4E,0x41,0x4E,0x0,0x49,0x4E,0x46
C:\Users\Melika\Desktop\scripts\timer-counter-1-module\List\timer-counter-1-module.asm(1111): warning: .cseg .db misalignment - padding zero byte
000030 0000      	.DB  0x0
                 
                 __GLOBAL_INI_TBL:
000031 0002      	.DW  0x02
000032 0260      	.DW  __base_y_G100
000033 0054      	.DW  _0x2000003*2
                 
000034 0001      	.DW  0x01
000035 0264      	.DW  __seed_G101
000036 0056      	.DW  _0x2020060*2
                 
                 _0xFFFFFFFF:
000037 0000      	.DW  0
                 
                 __RESET:
000038 94f8      	CLI
000039 27ee      	CLR  R30
00003a bbec      	OUT  EECR,R30
                 
                 ;INTERRUPT VECTORS ARE PLACED
                 ;AT THE START OF FLASH
00003b e0f1      	LDI  R31,1
00003c bff5      	OUT  MCUCR,R31
00003d bfe5      	OUT  MCUCR,R30
                 
                 ;DISABLE WATCHDOG
00003e e1f8      	LDI  R31,0x18
00003f bdf1      	OUT  WDTCR,R31
000040 bde1      	OUT  WDTCR,R30
                 
                 ;CLEAR R2-R14
000041 e08d      	LDI  R24,(14-2)+1
000042 e0a2      	LDI  R26,2
000043 27bb      	CLR  R27
                 __CLEAR_REG:
000044 93ed      	ST   X+,R30
000045 958a      	DEC  R24
000046 f7e9      	BRNE __CLEAR_REG
                 
                 ;CLEAR SRAM
000047 e080      	LDI  R24,LOW(__CLEAR_SRAM_SIZE)
000048 e098      	LDI  R25,HIGH(__CLEAR_SRAM_SIZE)
000049 e6a0      	LDI  R26,__SRAM_START
                 __CLEAR_SRAM:
00004a 93ed      	ST   X+,R30
00004b 9701      	SBIW R24,1
00004c f7e9      	BRNE __CLEAR_SRAM
                 
                 ;GLOBAL VARIABLES INITIALIZATION
00004d e6e2      	LDI  R30,LOW(__GLOBAL_INI_TBL*2)
00004e e0f0      	LDI  R31,HIGH(__GLOBAL_INI_TBL*2)
                 __GLOBAL_INI_NEXT:
00004f 9185      	LPM  R24,Z+
000050 9195      	LPM  R25,Z+
000051 9700      	SBIW R24,0
000052 f061      	BREQ __GLOBAL_INI_END
000053 91a5      	LPM  R26,Z+
000054 91b5      	LPM  R27,Z+
000055 9005      	LPM  R0,Z+
000056 9015      	LPM  R1,Z+
000057 01bf      	MOVW R22,R30
000058 01f0      	MOVW R30,R0
                 __GLOBAL_INI_LOOP:
000059 9005      	LPM  R0,Z+
00005a 920d      	ST   X+,R0
00005b 9701      	SBIW R24,1
00005c f7e1      	BRNE __GLOBAL_INI_LOOP
00005d 01fb      	MOVW R30,R22
00005e cff0      	RJMP __GLOBAL_INI_NEXT
                 __GLOBAL_INI_END:
                 
                 ;HARDWARE STACK POINTER INITIALIZATION
00005f e5ef      	LDI  R30,LOW(__SRAM_END-__HEAP_SIZE)
000060 bfed      	OUT  SPL,R30
000061 e0e8      	LDI  R30,HIGH(__SRAM_END-__HEAP_SIZE)
000062 bfee      	OUT  SPH,R30
                 
                 ;DATA STACK POINTER INITIALIZATION
000063 e6c0      	LDI  R28,LOW(__SRAM_START+__DSTACK_SIZE)
000064 e0d2      	LDI  R29,HIGH(__SRAM_START+__DSTACK_SIZE)
                 
000065 940c 009e 	JMP  _main
                 
                 	.ESEG
                 	.ORG 0
                 
                 	.DSEG
                 	.ORG 0x260
                 
                 	.CSEG
                 ;/*****************************************************
                 ;This program was produced by the
                 ;CodeWizardAVR V2.05.3 Standard
                 ;Automatic Program Generator
                 ;© Copyright 1998-2011 Pavel Haiduc, HP InfoTech s.r.l.
                 ;http://www.hpinfotech.com
                 ;
                 ;Project : timer-counter-1-module
                 ;Version : 1.0.0
                 ;Date    : 7/6/2017
                 ;Author  : melika barzegaran hosseini 9231035 - soroush kavousi 9231077
                 ;Company :
                 ;Comments:
                 ;a script to test whether the timer/counter #1 works correctly
                 ;
                 ;
                 ;Chip type               : ATmega32A
                 ;Program type            : Application
                 ;AVR Core Clock frequency: 1.000000 MHz
                 ;Memory model            : Small
                 ;External RAM size       : 0
                 ;Data Stack size         : 512
                 ;*****************************************************/
                 ;
                 ;/*****************************************************
                 ;instructions:
                 ;0. fuse bit setup:
                 ;    - CKSEL[3:0] = 1111
                 ;    - CKOPT = 0
                 ;    - SUT[1:0] = 11
                 ;1. disable led module (JP1).
                 ;2. disable buzzer module (JP2).
                 ;3. disable 7segment module (JP3).
                 ;4. diable pwm module (JP4).
                 ;5. disable analog comparator module (JP5 and JP6).
                 ;7. add the lcd to the board.
                 ;
                 ;SPECIAL: connect a pulse signal with an specified
                 ;frequency to the pin PB1 (T1) and observe the frequency
                 ;on the lcd.
                 ;*****************************************************/
                 ;
                 ;#include <mega32a.h>
                 	#ifndef __SLEEP_DEFINED__
                 	#define __SLEEP_DEFINED__
                 	.EQU __se_bit=0x80
                 	.EQU __sm_mask=0x70
                 	.EQU __sm_powerdown=0x20
                 	.EQU __sm_powersave=0x30
                 	.EQU __sm_standby=0x60
                 	.EQU __sm_ext_standby=0x70
                 	.EQU __sm_adc_noise_red=0x10
                 	.SET power_ctrl_reg=mcucr
                 	#endif
                 ;#include <alcd.h>
                 ;#include <stdlib.h>
                 ;
                 ;int total_overflow;
                 ;
                 ;void show();
                 ;
                 ;interrupt [TIM0_OVF] void timer0_ovf_isr(void)
                 ; 0000 0034 {
                 
                 	.CSEG
                 _timer0_ovf_isr:
000067 920a      	ST   -Y,R0
000068 921a      	ST   -Y,R1
000069 92fa      	ST   -Y,R15
00006a 936a      	ST   -Y,R22
00006b 937a      	ST   -Y,R23
00006c 938a      	ST   -Y,R24
00006d 939a      	ST   -Y,R25
00006e 93aa      	ST   -Y,R26
00006f 93ba      	ST   -Y,R27
000070 93ea      	ST   -Y,R30
000071 93fa      	ST   -Y,R31
000072 b7ef      	IN   R30,SREG
000073 93ea      	ST   -Y,R30
                 ; 0000 0035     // increase the number of times overflow has occured by one.
                 ; 0000 0036     total_overflow++;
000074 01f2      	MOVW R30,R4
000075 9631      	ADIW R30,1
000076 012f      	MOVW R4,R30
                 ; 0000 0037 
                 ; 0000 0038     // check if overflow has occured for 4 times (equivalent to 1 second delay with 1(MHz) cpu speed and 1024 prescaler).
                 ; 0000 0039     if(total_overflow >= 4)
000077 e0e4      	LDI  R30,LOW(4)
000078 e0f0      	LDI  R31,HIGH(4)
000079 164e      	CP   R4,R30
00007a 065f      	CPC  R5,R31
00007b f03c      	BRLT _0x3
                 ; 0000 003A     {
                 ; 0000 003B         //write the time on the lcd screen.
                 ; 0000 003C         show();
00007c d014      	RCALL _show
                 ; 0000 003D 
                 ; 0000 003E          //and start counting from the begining.
                 ; 0000 003F         total_overflow = 0;
00007d 2444      	CLR  R4
00007e 2455      	CLR  R5
                 ; 0000 0040         TCNT0 = 0x00;
00007f e0e0      	LDI  R30,LOW(0)
000080 bfe2      	OUT  0x32,R30
                 ; 0000 0041         TCNT1H = 0x00;
000081 bded      	OUT  0x2D,R30
                 ; 0000 0042         TCNT1L = 0x00;
000082 bdec      	OUT  0x2C,R30
                 ; 0000 0043     }
                 ; 0000 0044 }
                 _0x3:
000083 91e9      	LD   R30,Y+
000084 bfef      	OUT  SREG,R30
000085 91f9      	LD   R31,Y+
000086 91e9      	LD   R30,Y+
000087 91b9      	LD   R27,Y+
000088 91a9      	LD   R26,Y+
000089 9199      	LD   R25,Y+
00008a 9189      	LD   R24,Y+
00008b 9179      	LD   R23,Y+
00008c 9169      	LD   R22,Y+
00008d 90f9      	LD   R15,Y+
00008e 9019      	LD   R1,Y+
00008f 9009      	LD   R0,Y+
000090 9518      	RETI
                 ;
                 ;//convert the time to a decimal number, and then to a string and show it on the lcd.
                 ;void show()
                 ; 0000 0048 {
                 _show:
                 ; 0000 0049     char number[3];
                 ; 0000 004A     lcd_clear();
000091 9723      	SBIW R28,3
                 ;	number -> Y+0
000092 d061      	RCALL _lcd_clear
                 ; 0000 004B     itoa(TCNT1L, number);
000093 b5ec      	IN   R30,0x2C
000094 e0f0      	LDI  R31,0
000095 93fa      	ST   -Y,R31
000096 93ea      	ST   -Y,R30
000097 01de      	MOVW R26,R28
000098 9612      	ADIW R26,2
000099 940e 0154 	CALL _itoa
                 ; 0000 004C     lcd_puts(number);
00009b 01de      	MOVW R26,R28
00009c d078      	RCALL _lcd_puts
                 ; 0000 004D }
00009d c086      	RJMP _0x20A0002
                 ;
                 ;void main(void)
                 ; 0000 0050 {
                 _main:
                 ; 0000 0051     // setup timer/counter #0.
                 ; 0000 0052     TCNT0=0x00;
00009e e0e0      	LDI  R30,LOW(0)
00009f bfe2      	OUT  0x32,R30
                 ; 0000 0053     OCR0=0x00;
0000a0 bfec      	OUT  0x3C,R30
                 ; 0000 0054 
                 ; 0000 0055     // enable timer/counter #0 mode as normal.
                 ; 0000 0056     TCCR0 |= (0 << WGM01) | (0 << WGM00);
0000a1 b7e3      	IN   R30,0x33
0000a2 bfe3      	OUT  0x33,R30
                 ; 0000 0057 
                 ; 0000 0058     // enable timer/counter #0 prescaler as 1024.
                 ; 0000 0059     TCCR0 |= (1 << CS02) | (0 << CS01) | (1 << CS00);
0000a3 b7e3      	IN   R30,0x33
0000a4 60e5      	ORI  R30,LOW(0x5)
0000a5 bfe3      	OUT  0x33,R30
                 ; 0000 005A 
                 ; 0000 005B     // enable timer/counter #0 overflow interrupt.
                 ; 0000 005C     TIMSK |= (1 << TOIE0);
0000a6 b7e9      	IN   R30,0x39
0000a7 60e1      	ORI  R30,1
0000a8 bfe9      	OUT  0x39,R30
                 ; 0000 005D 
                 ; 0000 005E     // setup timer/counter #1.
                 ; 0000 005F     TCNT1H = 0x00;
0000a9 e0e0      	LDI  R30,LOW(0)
0000aa bded      	OUT  0x2D,R30
                 ; 0000 0060     TCNT1L = 0x00;
0000ab bdec      	OUT  0x2C,R30
                 ; 0000 0061 
                 ; 0000 0062     // enable timer/counter #1 external clock source on T1 pin. clock on rising edge.
                 ; 0000 0063     TCCR1B |= (1 << CS12)| (1 << CS11) | (1 << CS10);
0000ac b5ee      	IN   R30,0x2E
0000ad 60e7      	ORI  R30,LOW(0x7)
0000ae bdee      	OUT  0x2E,R30
                 ; 0000 0064 
                 ; 0000 0065     // initalize the number of timer/counter #0's overflows as 0.
                 ; 0000 0066     total_overflow = 0;
0000af 2444      	CLR  R4
0000b0 2455      	CLR  R5
                 ; 0000 0067 
                 ; 0000 0068     // setup lcd.
                 ; 0000 0069     lcd_init(16);
0000b1 e1a0      	LDI  R26,LOW(16)
0000b2 d073      	RCALL _lcd_init
                 ; 0000 006A 
                 ; 0000 006B     // enable interrupts.
                 ; 0000 006C     #asm("sei")
0000b3 9478      	sei
                 ; 0000 006D 
                 ; 0000 006E     // endless loop.
                 ; 0000 006F     while (1);
                 _0x4:
0000b4 cfff      	RJMP _0x4
                 ; 0000 0070 }
                 _0x7:
0000b5 cfff      	RJMP _0x7
                 	#ifndef __SLEEP_DEFINED__
                 	#endif
                 
                 	.DSEG
                 
                 	.CSEG
                 __lcd_write_nibble_G100:
0000b6 93aa      	ST   -Y,R26
0000b7 81e8      	LD   R30,Y
0000b8 71e0      	ANDI R30,LOW(0x10)
0000b9 f011      	BREQ _0x2000004
0000ba 9aab      	SBI  0x15,3
0000bb c001      	RJMP _0x2000005
                 _0x2000004:
0000bc 98ab      	CBI  0x15,3
                 _0x2000005:
0000bd 81e8      	LD   R30,Y
0000be 72e0      	ANDI R30,LOW(0x20)
0000bf f011      	BREQ _0x2000006
0000c0 9aac      	SBI  0x15,4
0000c1 c001      	RJMP _0x2000007
                 _0x2000006:
0000c2 98ac      	CBI  0x15,4
                 _0x2000007:
0000c3 81e8      	LD   R30,Y
0000c4 74e0      	ANDI R30,LOW(0x40)
0000c5 f011      	BREQ _0x2000008
0000c6 9aad      	SBI  0x15,5
0000c7 c001      	RJMP _0x2000009
                 _0x2000008:
0000c8 98ad      	CBI  0x15,5
                 _0x2000009:
0000c9 81e8      	LD   R30,Y
0000ca 78e0      	ANDI R30,LOW(0x80)
0000cb f011      	BREQ _0x200000A
0000cc 9aae      	SBI  0x15,6
0000cd c001      	RJMP _0x200000B
                 _0x200000A:
0000ce 98ae      	CBI  0x15,6
                 _0x200000B:
                +
0000cf e081     +LDI R24 , LOW ( 1 )
                +__DELAY_USB_LOOP :
0000d0 958a     +DEC R24
0000d1 f7f1     +BRNE __DELAY_USB_LOOP
                 	__DELAY_USB 1
0000d2 9aaa      	SBI  0x15,2
                +
0000d3 e082     +LDI R24 , LOW ( 2 )
                +__DELAY_USB_LOOP :
0000d4 958a     +DEC R24
0000d5 f7f1     +BRNE __DELAY_USB_LOOP
                 	__DELAY_USB 2
0000d6 98aa      	CBI  0x15,2
                +
0000d7 e082     +LDI R24 , LOW ( 2 )
                +__DELAY_USB_LOOP :
0000d8 958a     +DEC R24
0000d9 f7f1     +BRNE __DELAY_USB_LOOP
                 	__DELAY_USB 2
0000da c077      	RJMP _0x20A0001
                 __lcd_write_data:
0000db 93aa      	ST   -Y,R26
0000dc 81a8      	LD   R26,Y
0000dd dfd8      	RCALL __lcd_write_nibble_G100
0000de 81e8          ld    r30,y
0000df 95e2          swap  r30
0000e0 83e8          st    y,r30
0000e1 81a8      	LD   R26,Y
0000e2 dfd3      	RCALL __lcd_write_nibble_G100
                +
0000e3 e181     +LDI R24 , LOW ( 17 )
                +__DELAY_USB_LOOP :
0000e4 958a     +DEC R24
0000e5 f7f1     +BRNE __DELAY_USB_LOOP
                 	__DELAY_USB 17
0000e6 c06b      	RJMP _0x20A0001
                 _lcd_gotoxy:
0000e7 93aa      	ST   -Y,R26
0000e8 81e8      	LD   R30,Y
0000e9 e0f0      	LDI  R31,0
0000ea 5ae0      	SUBI R30,LOW(-__base_y_G100)
0000eb 4ffd      	SBCI R31,HIGH(-__base_y_G100)
0000ec 81e0      	LD   R30,Z
0000ed 81a9      	LDD  R26,Y+1
0000ee 0fae      	ADD  R26,R30
0000ef dfeb      	RCALL __lcd_write_data
0000f0 8079      	LDD  R7,Y+1
0000f1 8068      	LDD  R6,Y+0
0000f2 9622      	ADIW R28,2
0000f3 9508      	RET
                 _lcd_clear:
0000f4 e0a2      	LDI  R26,LOW(2)
0000f5 940e 0182 	CALL SUBOPT_0x0
0000f7 e0ac      	LDI  R26,LOW(12)
0000f8 dfe2      	RCALL __lcd_write_data
0000f9 e0a1      	LDI  R26,LOW(1)
0000fa 940e 0182 	CALL SUBOPT_0x0
0000fc e0e0      	LDI  R30,LOW(0)
0000fd 2e6e      	MOV  R6,R30
0000fe 2e7e      	MOV  R7,R30
0000ff 9508      	RET
                 _lcd_putchar:
000100 93aa      	ST   -Y,R26
000101 81a8      	LD   R26,Y
000102 30aa      	CPI  R26,LOW(0xA)
000103 f011      	BREQ _0x2000011
000104 1479      	CP   R7,R9
000105 f048      	BRLO _0x2000010
                 _0x2000011:
000106 e0e0      	LDI  R30,LOW(0)
000107 93ea      	ST   -Y,R30
000108 9463      	INC  R6
000109 2da6      	MOV  R26,R6
00010a dfdc      	RCALL _lcd_gotoxy
00010b 81a8      	LD   R26,Y
00010c 30aa      	CPI  R26,LOW(0xA)
00010d f409      	BRNE _0x2000013
00010e c043      	RJMP _0x20A0001
                 _0x2000013:
                 _0x2000010:
00010f 9473      	INC  R7
000110 9aa8      	SBI  0x15,0
000111 81a8      	LD   R26,Y
000112 dfc8      	RCALL __lcd_write_data
000113 98a8      	CBI  0x15,0
000114 c03d      	RJMP _0x20A0001
                 _lcd_puts:
000115 93ba      	ST   -Y,R27
000116 93aa      	ST   -Y,R26
000117 931a      	ST   -Y,R17
                 _0x2000014:
000118 81a9      	LDD  R26,Y+1
000119 81ba      	LDD  R27,Y+1+1
00011a 91ed      	LD   R30,X+
00011b 83a9      	STD  Y+1,R26
00011c 83ba      	STD  Y+1+1,R27
00011d 2f1e      	MOV  R17,R30
00011e 30e0      	CPI  R30,0
00011f f019      	BREQ _0x2000016
000120 2fa1      	MOV  R26,R17
000121 dfde      	RCALL _lcd_putchar
000122 cff5      	RJMP _0x2000014
                 _0x2000016:
000123 8118      	LDD  R17,Y+0
                 _0x20A0002:
000124 9623      	ADIW R28,3
000125 9508      	RET
                 _lcd_init:
000126 93aa      	ST   -Y,R26
000127 9aa3      	SBI  0x14,3
000128 9aa4      	SBI  0x14,4
000129 9aa5      	SBI  0x14,5
00012a 9aa6      	SBI  0x14,6
00012b 9aa2      	SBI  0x14,2
00012c 9aa0      	SBI  0x14,0
00012d 9aa1      	SBI  0x14,1
00012e 98aa      	CBI  0x15,2
00012f 98a8      	CBI  0x15,0
000130 98a9      	CBI  0x15,1
000131 8098      	LDD  R9,Y+0
000132 81e8      	LD   R30,Y
000133 58e0      	SUBI R30,-LOW(128)
                +
000134 93e0 0262+STS __base_y_G100 + ( 2 ) , R30
                 	__PUTB1MN __base_y_G100,2
000136 81e8      	LD   R30,Y
000137 54e0      	SUBI R30,-LOW(192)
                +
000138 93e0 0263+STS __base_y_G100 + ( 3 ) , R30
                 	__PUTB1MN __base_y_G100,3
00013a e1a4      	LDI  R26,LOW(20)
00013b e0b0      	LDI  R27,0
00013c 940e 018f 	CALL _delay_ms
00013e 940e 0188 	CALL SUBOPT_0x1
000140 940e 0188 	CALL SUBOPT_0x1
000142 940e 0188 	CALL SUBOPT_0x1
000144 e2a0      	LDI  R26,LOW(32)
000145 df70      	RCALL __lcd_write_nibble_G100
                +
000146 e281     +LDI R24 , LOW ( 33 )
                +__DELAY_USB_LOOP :
000147 958a     +DEC R24
000148 f7f1     +BRNE __DELAY_USB_LOOP
                 	__DELAY_USB 33
000149 e2a8      	LDI  R26,LOW(40)
00014a df90      	RCALL __lcd_write_data
00014b e0a4      	LDI  R26,LOW(4)
00014c df8e      	RCALL __lcd_write_data
00014d e8a5      	LDI  R26,LOW(133)
00014e df8c      	RCALL __lcd_write_data
00014f e0a6      	LDI  R26,LOW(6)
000150 df8a      	RCALL __lcd_write_data
000151 dfa2      	RCALL _lcd_clear
                 _0x20A0001:
000152 9621      	ADIW R28,1
000153 9508      	RET
                 
                 	.CSEG
                 _itoa:
000154 93ba      	ST   -Y,R27
000155 93aa      	ST   -Y,R26
000156 91a9          ld   r26,y+
000157 91b9          ld   r27,y+
000158 91e9          ld   r30,y+
000159 91f9          ld   r31,y+
00015a 9630          adiw r30,0
00015b f42a          brpl __itoa0
00015c 95e0          com  r30
00015d 95f0          com  r31
00015e 9631          adiw r30,1
00015f e26d          ldi  r22,'-'
000160 936d          st   x+,r22
                 __itoa0:
000161 94e8          clt
000162 e180          ldi  r24,low(10000)
000163 e297          ldi  r25,high(10000)
000164 d00d          rcall __itoa1
000165 ee88          ldi  r24,low(1000)
000166 e093          ldi  r25,high(1000)
000167 d00a          rcall __itoa1
000168 e684          ldi  r24,100
000169 2799          clr  r25
00016a d007          rcall __itoa1
00016b e08a          ldi  r24,10
00016c d005          rcall __itoa1
00016d 2f6e          mov  r22,r30
00016e d010          rcall __itoa5
00016f 2766          clr  r22
000170 936c          st   x,r22
000171 9508          ret
                 
                 __itoa1:
000172 2766          clr	 r22
                 __itoa2:
000173 17e8          cp   r30,r24
000174 07f9          cpc  r31,r25
000175 f020          brlo __itoa3
000176 9563          inc  r22
000177 1be8          sub  r30,r24
000178 0bf9          sbc  r31,r25
000179 f7c9          brne __itoa2
                 __itoa3:
00017a 2366          tst  r22
00017b f411          brne __itoa4
00017c f016          brts __itoa5
00017d 9508          ret
                 __itoa4:
00017e 9468          set
                 __itoa5:
00017f 5d60          subi r22,-0x30
000180 936d          st   x+,r22
000181 9508          ret
                 
                 	.DSEG
                 
                 	.CSEG
                 
                 	.CSEG
                 
                 	.CSEG
                 
                 	.CSEG
                 
                 	.DSEG
                 __base_y_G100:
000260           	.BYTE 0x4
                 __seed_G101:
000264           	.BYTE 0x4
                 
                 	.CSEG
                 ;OPTIMIZER ADDED SUBROUTINE, CALLED 2 TIMES, CODE SIZE REDUCTION:3 WORDS
                 SUBOPT_0x0:
000182 940e 00db 	CALL __lcd_write_data
000184 e0a3      	LDI  R26,LOW(3)
000185 e0b0      	LDI  R27,0
000186 940c 018f 	JMP  _delay_ms
                 
                 ;OPTIMIZER ADDED SUBROUTINE, CALLED 3 TIMES, CODE SIZE REDUCTION:5 WORDS
                 SUBOPT_0x1:
000188 e3a0      	LDI  R26,LOW(48)
000189 940e 00b6 	CALL __lcd_write_nibble_G100
                +
00018b e281     +LDI R24 , LOW ( 33 )
                +__DELAY_USB_LOOP :
00018c 958a     +DEC R24
00018d f7f1     +BRNE __DELAY_USB_LOOP
                 	__DELAY_USB 33
00018e 9508      	RET
                 
                 
                 	.CSEG
                 _delay_ms:
00018f 9610      	adiw r26,0
000190 f039      	breq __delay_ms1
                 __delay_ms0:
                +
000191 ef8a     +LDI R24 , LOW ( 0xFA )
000192 e090     +LDI R25 , HIGH ( 0xFA )
                +__DELAY_USW_LOOP :
000193 9701     +SBIW R24 , 1
000194 f7f1     +BRNE __DELAY_USW_LOOP
                 	__DELAY_USW 0xFA
000195 95a8      	wdr
000196 9711      	sbiw r26,1
000197 f7c9      	brne __delay_ms0
                 __delay_ms1:
000198 9508      	ret
                 
                 ;END OF CODE MARKER
                 __END_OF_CODE:


RESOURCE USE INFORMATION
------------------------

Notice:
The register and instruction counts are symbol table hit counts,
and hence implicitly used resources are not counted, eg, the
'lpm' instruction without operands implicitly uses r0 and z,
none of which are counted.

x,y,z are separate entities in the symbol table and are
counted separately from r26..r31 here.

.dseg memory usage only counts static data declared with .byte

ATmega32A register use summary:
r0 :   6 r1 :   3 r2 :   0 r3 :   0 r4 :   5 r5 :   3 r6 :   4 r7 :   4 
r8 :   0 r9 :   2 r10:   0 r11:   0 r12:   0 r13:   0 r14:   0 r15:   2 
r16:   0 r17:   4 r18:   0 r19:   0 r20:   0 r21:   0 r22:  14 r23:   2 
r24:  29 r25:  10 r26:  43 r27:  11 r28:   7 r29:   1 r30:  84 r31:  17 
x  :   7 y  :  64 z  :   8 
Registers used: 22 out of 35 (62.9%)

ATmega32A instruction use summary:
.lds  :   0 .lds.l:   0 .sts  :   0 .sts.l:   0 adc   :   0 add   :   1 
adiw  :   8 and   :   0 andi  :   4 asr   :   0 bclr  :   0 bld   :   0 
brbc  :   0 brbs  :   0 brcc  :   0 brcs  :   0 break :   0 breq  :   8 
brge  :   0 brhc  :   0 brhs  :   0 brid  :   0 brie  :   0 brlo  :   2 
brlt  :   1 brmi  :   0 brne  :  14 brpl  :   1 brsh  :   0 brtc  :   0 
brts  :   1 brvc  :   0 brvs  :   0 bset  :   0 bst   :   0 call  :   9 
cbi   :   9 cbr   :   0 clc   :   0 clh   :   0 cli   :   1 cln   :   0 
clr   :   9 cls   :   0 clt   :   1 clv   :   0 clz   :   0 com   :   2 
cp    :   3 cpc   :   2 cpi   :   3 cpse  :   0 dec   :   7 des   :   0 
eor   :   0 fmul  :   0 fmuls :   0 fmulsu:   0 icall :   0 ijmp  :   0 
in    :   6 inc   :   3 jmp   :  23 ld    :  31 ldd   :   7 ldi   :  51 
lds   :   0 lpm   :   7 lsl   :   0 lsr   :   0 mov   :   6 movw  :   7 
mul   :   0 muls  :   0 mulsu :   0 neg   :   0 nop   :   0 or    :   0 
ori   :   3 out   :  19 pop   :   0 push  :   0 rcall :  22 ret   :   9 
reti  :   1 rjmp  :  13 rol   :   0 ror   :   0 sbc   :   1 sbci  :   1 
sbi   :  13 sbic  :   0 sbis  :   0 sbiw  :   6 sbr   :   0 sbrc  :   0 
sbrs  :   0 sec   :   0 seh   :   0 sei   :   1 sen   :   0 ser   :   0 
ses   :   0 set   :   1 sev   :   0 sez   :   0 sleep :   0 spm   :   0 
st    :  32 std   :   2 sts   :   2 sub   :   1 subi  :   4 swap  :   1 
tst   :   1 wdr   :   1 
Instructions used: 48 out of 116 (41.4%)

ATmega32A memory use summary [bytes]:
Segment   Begin    End      Code   Data   Used    Size   Use%
---------------------------------------------------------------
[.cseg] 0x000000 0x000332    790     28    818   32768   2.5%
[.dseg] 0x000060 0x000268      0      8      8    2143   0.4%
[.eseg] 0x000000 0x000000      0      0      0    1024   0.0%

Assembly complete, 0 errors, 6 warnings
